<?xml version="1.0" encoding="UTF-8"?>
<!-- Generated by org.testng.reporters.JUnitReportReporter -->
<testsuite hostname="xD" failures="0" tests="2" name="Academy.HomePage" time="16.475" errors="0" timestamp="2022-07-11T10:33:57 IST" skipped="0">
  <testcase classname="Academy.HomePage" name="basePageNavigation" time="8.993"/>
  <system-out/>
  <testcase classname="Academy.HomePage" name="basePageNavigation" time="7.482"/>
  <system-out/>
</testsuite> <!-- Academy.HomePage -->
