<?xml version="1.0" encoding="UTF-8"?>
<!-- Generated by org.testng.reporters.JUnitReportReporter -->
<testsuite hostname="xD" failures="0" tests="1" name="Academy.ValidateNavigationBar" time="0.067" errors="0" timestamp="2022-07-11T10:33:57 IST" skipped="0">
  <testcase classname="Academy.ValidateNavigationBar" name="basePageNavigation" time="0.067"/>
  <system-out/>
</testsuite> <!-- Academy.ValidateNavigationBar -->
