<?xml version="1.0" encoding="UTF-8"?>
<!-- Generated by org.testng.reporters.JUnitReportReporter -->
<testsuite hostname="xD" failures="0" tests="2" name="Academy.HomePage" time="57.646" errors="0" timestamp="2022-07-08T10:48:38 IST" skipped="0">
  <testcase classname="Academy.HomePage" name="basePageNavigation" time="40.873"/>
  <system-out/>
  <testcase classname="Academy.HomePage" name="basePageNavigation" time="16.773"/>
  <system-out/>
</testsuite> <!-- Academy.HomePage -->
