<?xml version="1.0" encoding="UTF-8"?>
<!-- Generated by org.testng.reporters.JUnitReportReporter -->
<testsuite hostname="xD" failures="0" tests="1" name="Academy.ValidateNavigationBar" time="0.069" errors="0" timestamp="2022-07-08T10:48:38 IST" skipped="0">
  <testcase classname="Academy.ValidateNavigationBar" name="basePageNavigation" time="0.069"/>
  <system-out/>
</testsuite> <!-- Academy.ValidateNavigationBar -->
